{"C:\\Users\\SAM\\Downloads\\utt (1)\\utt-plataforma-inscripciones-pagos\\services\\pagos-service\\src\\application\\CreatePago.js": {"path":"C:\\Users\\SAM\\Downloads\\utt (1)\\utt-plataforma-inscripciones-pagos\\services\\pagos-service\\src\\application\\CreatePago.js","statementMap":{"0":{"start":{"line":1,"column":13},"end":{"line":1,"column":38}},"1":{"start":{"line":2,"column":30},"end":{"line":2,"column":88}},"2":{"start":{"line":3,"column":25},"end":{"line":3,"column":69}},"3":{"start":{"line":7,"column":4},"end":{"line":7,"column":19}},"4":{"start":{"line":8,"column":4},"end":{"line":8,"column":41}},"5":{"start":{"line":15,"column":17},"end":{"line":15,"column":65}},"6":{"start":{"line":16,"column":18},"end":{"line":16,"column":45}},"7":{"start":{"line":18,"column":20},"end":{"line":18,"column":56}},"8":{"start":{"line":19,"column":17},"end":{"line":19,"column":47}},"9":{"start":{"line":20,"column":4},"end":{"line":20,"column":51}},"10":{"start":{"line":20,"column":18},"end":{"line":20,"column":51}},"11":{"start":{"line":22,"column":16},"end":{"line":22,"column":44}},"12":{"start":{"line":23,"column":4},"end":{"line":23,"column":49}},"13":{"start":{"line":23,"column":17},"end":{"line":23,"column":49}},"14":{"start":{"line":25,"column":20},"end":{"line":25,"column":70}},"15":{"start":{"line":28,"column":16},"end":{"line":34,"column":6}},"16":{"start":{"line":35,"column":4},"end":{"line":35,"column":37}},"17":{"start":{"line":37,"column":4},"end":{"line":37,"column":19}},"18":{"start":{"line":40,"column":0},"end":{"line":40,"column":28}}},"fnMap":{"0":{"name":"(anonymous_0)","decl":{"start":{"line":6,"column":2},"end":{"line":6,"column":3}},"loc":{"start":{"line":6,"column":39},"end":{"line":9,"column":3}},"line":6},"1":{"name":"(anonymous_1)","decl":{"start":{"line":14,"column":2},"end":{"line":14,"column":3}},"loc":{"start":{"line":14,"column":65},"end":{"line":38,"column":3}},"line":14}},"branchMap":{"0":{"loc":{"start":{"line":14,"column":46},"end":{"line":14,"column":61}},"type":"default-arg","locations":[{"start":{"line":14,"column":55},"end":{"line":14,"column":61}}],"line":14},"1":{"loc":{"start":{"line":20,"column":4},"end":{"line":20,"column":51}},"type":"if","locations":[{"start":{"line":20,"column":4},"end":{"line":20,"column":51}},{"start":{},"end":{}}],"line":20},"2":{"loc":{"start":{"line":23,"column":4},"end":{"line":23,"column":49}},"type":"if","locations":[{"start":{"line":23,"column":4},"end":{"line":23,"column":49}},{"start":{},"end":{}}],"line":23}},"s":{"0":2,"1":2,"2":2,"3":4,"4":4,"5":4,"6":4,"7":4,"8":4,"9":4,"10":2,"11":2,"12":2,"13":2,"14":0,"15":0,"16":0,"17":0,"18":2},"f":{"0":4,"1":4},"b":{"0":[0],"1":[2,2],"2":[2,0]},"_coverageSchema":"1a1c01bbd47fc00a2c39e90264f33305004495a9","hash":"b2306609e3ede4543c4acaf7e8f0c4e62bb66de7"}
,"C:\\Users\\SAM\\Downloads\\utt (1)\\utt-plataforma-inscripciones-pagos\\services\\pagos-service\\src\\domain\\Pago.js": {"path":"C:\\Users\\SAM\\Downloads\\utt (1)\\utt-plataforma-inscripciones-pagos\\services\\pagos-service\\src\\domain\\Pago.js","statementMap":{"0":{"start":{"line":3,"column":4},"end":{"line":3,"column":17}},"1":{"start":{"line":4,"column":4},"end":{"line":4,"column":31}},"2":{"start":{"line":5,"column":4},"end":{"line":5,"column":29}},"3":{"start":{"line":6,"column":4},"end":{"line":6,"column":23}},"4":{"start":{"line":7,"column":4},"end":{"line":7,"column":25}},"5":{"start":{"line":8,"column":4},"end":{"line":8,"column":25}},"6":{"start":{"line":9,"column":4},"end":{"line":9,"column":23}},"7":{"start":{"line":12,"column":0},"end":{"line":12,"column":22}}},"fnMap":{"0":{"name":"(anonymous_0)","decl":{"start":{"line":2,"column":2},"end":{"line":2,"column":3}},"loc":{"start":{"line":2,"column":107},"end":{"line":10,"column":3}},"line":2}},"branchMap":{"0":{"loc":{"start":{"line":2,"column":48},"end":{"line":2,"column":66}},"type":"default-arg","locations":[{"start":{"line":2,"column":57},"end":{"line":2,"column":66}}],"line":2},"1":{"loc":{"start":{"line":2,"column":68},"end":{"line":2,"column":83}},"type":"default-arg","locations":[{"start":{"line":2,"column":77},"end":{"line":2,"column":83}}],"line":2},"2":{"loc":{"start":{"line":2,"column":85},"end":{"line":2,"column":103}},"type":"default-arg","locations":[{"start":{"line":2,"column":93},"end":{"line":2,"column":103}}],"line":2}},"s":{"0":4,"1":4,"2":4,"3":4,"4":4,"5":4,"6":4,"7":2},"f":{"0":4},"b":{"0":[4],"1":[0],"2":[4]},"_coverageSchema":"1a1c01bbd47fc00a2c39e90264f33305004495a9","hash":"0e1ac3d0ff77d8f79f5f0beda2cdec45da312179"}
,"C:\\Users\\SAM\\Downloads\\utt (1)\\utt-plataforma-inscripciones-pagos\\services\\pagos-service\\src\\domain\\events\\PaymentConfirmed.js": {"path":"C:\\Users\\SAM\\Downloads\\utt (1)\\utt-plataforma-inscripciones-pagos\\services\\pagos-service\\src\\domain\\events\\PaymentConfirmed.js","statementMap":{"0":{"start":{"line":3,"column":4},"end":{"line":3,"column":35}},"1":{"start":{"line":4,"column":4},"end":{"line":4,"column":25}},"2":{"start":{"line":5,"column":4},"end":{"line":5,"column":31}},"3":{"start":{"line":6,"column":4},"end":{"line":6,"column":29}},"4":{"start":{"line":7,"column":4},"end":{"line":7,"column":23}},"5":{"start":{"line":8,"column":4},"end":{"line":8,"column":23}},"6":{"start":{"line":11,"column":0},"end":{"line":11,"column":34}}},"fnMap":{"0":{"name":"(anonymous_0)","decl":{"start":{"line":2,"column":2},"end":{"line":2,"column":3}},"loc":{"start":{"line":2,"column":74},"end":{"line":9,"column":3}},"line":2}},"branchMap":{"0":{"loc":{"start":{"line":2,"column":52},"end":{"line":2,"column":70}},"type":"default-arg","locations":[{"start":{"line":2,"column":60},"end":{"line":2,"column":70}}],"line":2}},"s":{"0":1,"1":1,"2":1,"3":1,"4":1,"5":1,"6":3},"f":{"0":1},"b":{"0":[1]},"_coverageSchema":"1a1c01bbd47fc00a2c39e90264f33305004495a9","hash":"ce362bbbc8c01c88b563adbd7ff61b85e4fd53b8"}
,"C:\\Users\\SAM\\Downloads\\utt (1)\\utt-plataforma-inscripciones-pagos\\services\\pagos-service\\src\\infrastructure\\adapters\\BBVAAdapter.js": {"path":"C:\\Users\\SAM\\Downloads\\utt (1)\\utt-plataforma-inscripciones-pagos\\services\\pagos-service\\src\\infrastructure\\adapters\\BBVAAdapter.js","statementMap":{"0":{"start":{"line":1,"column":24},"end":{"line":1,"column":52}},"1":{"start":{"line":10,"column":4},"end":{"line":10,"column":68}},"2":{"start":{"line":14,"column":4},"end":{"line":14,"column":68}},"3":{"start":{"line":18,"column":4},"end":{"line":18,"column":67}},"4":{"start":{"line":21,"column":0},"end":{"line":21,"column":29}}},"fnMap":{"0":{"name":"(anonymous_0)","decl":{"start":{"line":8,"column":2},"end":{"line":8,"column":3}},"loc":{"start":{"line":8,"column":24},"end":{"line":11,"column":3}},"line":8},"1":{"name":"(anonymous_1)","decl":{"start":{"line":12,"column":2},"end":{"line":12,"column":3}},"loc":{"start":{"line":12,"column":22},"end":{"line":15,"column":3}},"line":12},"2":{"name":"(anonymous_2)","decl":{"start":{"line":16,"column":2},"end":{"line":16,"column":3}},"loc":{"start":{"line":16,"column":21},"end":{"line":19,"column":3}},"line":16}},"branchMap":{},"s":{"0":4,"1":1,"2":1,"3":1,"4":4},"f":{"0":1,"1":1,"2":1},"b":{},"_coverageSchema":"1a1c01bbd47fc00a2c39e90264f33305004495a9","hash":"d6de7d751d279d5fd483d564dde2ae756496ebba"}
,"C:\\Users\\SAM\\Downloads\\utt (1)\\utt-plataforma-inscripciones-pagos\\services\\pagos-service\\src\\infrastructure\\adapters\\IPaymentGateway.js": {"path":"C:\\Users\\SAM\\Downloads\\utt (1)\\utt-plataforma-inscripciones-pagos\\services\\pagos-service\\src\\infrastructure\\adapters\\IPaymentGateway.js","statementMap":{"0":{"start":{"line":6,"column":32},"end":{"line":6,"column":67}},"1":{"start":{"line":7,"column":32},"end":{"line":7,"column":67}},"2":{"start":{"line":8,"column":32},"end":{"line":8,"column":67}},"3":{"start":{"line":10,"column":0},"end":{"line":10,"column":33}}},"fnMap":{"0":{"name":"(anonymous_0)","decl":{"start":{"line":6,"column":2},"end":{"line":6,"column":3}},"loc":{"start":{"line":6,"column":30},"end":{"line":6,"column":69}},"line":6},"1":{"name":"(anonymous_1)","decl":{"start":{"line":7,"column":2},"end":{"line":7,"column":3}},"loc":{"start":{"line":7,"column":30},"end":{"line":7,"column":69}},"line":7},"2":{"name":"(anonymous_2)","decl":{"start":{"line":8,"column":2},"end":{"line":8,"column":3}},"loc":{"start":{"line":8,"column":30},"end":{"line":8,"column":69}},"line":8}},"branchMap":{},"s":{"0":1,"1":1,"2":1,"3":5},"f":{"0":1,"1":1,"2":1},"b":{},"_coverageSchema":"1a1c01bbd47fc00a2c39e90264f33305004495a9","hash":"3df9f0b3ba6f8ffe801ff739587b3674d078d03e"}
,"C:\\Users\\SAM\\Downloads\\utt (1)\\utt-plataforma-inscripciones-pagos\\services\\pagos-service\\src\\infrastructure\\dao\\PaymentDAO.js": {"path":"C:\\Users\\SAM\\Downloads\\utt (1)\\utt-plataforma-inscripciones-pagos\\services\\pagos-service\\src\\infrastructure\\dao\\PaymentDAO.js","statementMap":{"0":{"start":{"line":7,"column":4},"end":{"line":10,"column":6}},"1":{"start":{"line":14,"column":15},"end":{"line":14,"column":31}},"2":{"start":{"line":15,"column":19},"end":{"line":15,"column":68}},"3":{"start":{"line":16,"column":4},"end":{"line":16,"column":34}},"4":{"start":{"line":17,"column":4},"end":{"line":17,"column":18}},"5":{"start":{"line":21,"column":4},"end":{"line":21,"column":49}},"6":{"start":{"line":25,"column":4},"end":{"line":25,"column":85}},"7":{"start":{"line":25,"column":58},"end":{"line":25,"column":83}},"8":{"start":{"line":29,"column":14},"end":{"line":29,"column":37}},"9":{"start":{"line":30,"column":4},"end":{"line":30,"column":24}},"10":{"start":{"line":30,"column":12},"end":{"line":30,"column":24}},"11":{"start":{"line":31,"column":4},"end":{"line":31,"column":22}},"12":{"start":{"line":32,"column":4},"end":{"line":32,"column":37}},"13":{"start":{"line":33,"column":4},"end":{"line":33,"column":13}},"14":{"start":{"line":36,"column":0},"end":{"line":36,"column":28}}},"fnMap":{"0":{"name":"(anonymous_0)","decl":{"start":{"line":6,"column":2},"end":{"line":6,"column":3}},"loc":{"start":{"line":6,"column":18},"end":{"line":11,"column":3}},"line":6},"1":{"name":"(anonymous_1)","decl":{"start":{"line":13,"column":2},"end":{"line":13,"column":3}},"loc":{"start":{"line":13,"column":21},"end":{"line":18,"column":3}},"line":13},"2":{"name":"(anonymous_2)","decl":{"start":{"line":20,"column":2},"end":{"line":20,"column":3}},"loc":{"start":{"line":20,"column":21},"end":{"line":22,"column":3}},"line":20},"3":{"name":"(anonymous_3)","decl":{"start":{"line":24,"column":2},"end":{"line":24,"column":3}},"loc":{"start":{"line":24,"column":35},"end":{"line":26,"column":3}},"line":24},"4":{"name":"(anonymous_4)","decl":{"start":{"line":25,"column":53},"end":{"line":25,"column":54}},"loc":{"start":{"line":25,"column":58},"end":{"line":25,"column":83}},"line":25},"5":{"name":"(anonymous_5)","decl":{"start":{"line":28,"column":2},"end":{"line":28,"column":3}},"loc":{"start":{"line":28,"column":33},"end":{"line":34,"column":3}},"line":28}},"branchMap":{"0":{"loc":{"start":{"line":7,"column":14},"end":{"line":10,"column":5}},"type":"binary-expr","locations":[{"start":{"line":7,"column":14},"end":{"line":7,"column":16}},{"start":{"line":7,"column":20},"end":{"line":10,"column":5}}],"line":7},"1":{"loc":{"start":{"line":15,"column":42},"end":{"line":15,"column":66}},"type":"binary-expr","locations":[{"start":{"line":15,"column":42},"end":{"line":15,"column":53}},{"start":{"line":15,"column":57},"end":{"line":15,"column":66}}],"line":15},"2":{"loc":{"start":{"line":21,"column":11},"end":{"line":21,"column":48}},"type":"binary-expr","locations":[{"start":{"line":21,"column":11},"end":{"line":21,"column":40}},{"start":{"line":21,"column":44},"end":{"line":21,"column":48}}],"line":21},"3":{"loc":{"start":{"line":30,"column":4},"end":{"line":30,"column":24}},"type":"if","locations":[{"start":{"line":30,"column":4},"end":{"line":30,"column":24}},{"start":{},"end":{}}],"line":30}},"s":{"0":7,"1":6,"2":6,"3":6,"4":6,"5":2,"6":1,"7":2,"8":1,"9":1,"10":1,"11":0,"12":0,"13":0,"14":4},"f":{"0":7,"1":6,"2":2,"3":1,"4":2,"5":1},"b":{"0":[7,7],"1":[6,2],"2":[2,2],"3":[1,0]},"_coverageSchema":"1a1c01bbd47fc00a2c39e90264f33305004495a9","hash":"d86eee9907ceb3b7404097f49ea6cf3a3c65658e"}
,"C:\\Users\\SAM\\Downloads\\utt (1)\\utt-plataforma-inscripciones-pagos\\services\\pagos-service\\src\\infrastructure\\events\\EventPublisher.js": {"path":"C:\\Users\\SAM\\Downloads\\utt (1)\\utt-plataforma-inscripciones-pagos\\services\\pagos-service\\src\\infrastructure\\events\\EventPublisher.js","statementMap":{"0":{"start":{"line":7,"column":4},"end":{"line":7,"column":31}},"1":{"start":{"line":10,"column":4},"end":{"line":12,"column":7}},"2":{"start":{"line":11,"column":6},"end":{"line":11,"column":64}},"3":{"start":{"line":11,"column":12},"end":{"line":11,"column":28}},"4":{"start":{"line":15,"column":0},"end":{"line":15,"column":32}}},"fnMap":{"0":{"name":"(anonymous_0)","decl":{"start":{"line":6,"column":2},"end":{"line":6,"column":3}},"loc":{"start":{"line":6,"column":30},"end":{"line":8,"column":3}},"line":6},"1":{"name":"(anonymous_1)","decl":{"start":{"line":9,"column":2},"end":{"line":9,"column":3}},"loc":{"start":{"line":9,"column":17},"end":{"line":13,"column":3}},"line":9},"2":{"name":"(anonymous_2)","decl":{"start":{"line":10,"column":27},"end":{"line":10,"column":28}},"loc":{"start":{"line":10,"column":32},"end":{"line":12,"column":5}},"line":10}},"branchMap":{"0":{"loc":{"start":{"line":6,"column":14},"end":{"line":6,"column":28}},"type":"default-arg","locations":[{"start":{"line":6,"column":26},"end":{"line":6,"column":28}}],"line":6}},"s":{"0":1,"1":1,"2":2,"3":2,"4":1},"f":{"0":1,"1":1,"2":2},"b":{"0":[0]},"_coverageSchema":"1a1c01bbd47fc00a2c39e90264f33305004495a9","hash":"ab2a97cb53576cdd8c0c1e250111bc3fde8f2230"}
,"C:\\Users\\SAM\\Downloads\\utt (1)\\utt-plataforma-inscripciones-pagos\\services\\pagos-service\\src\\infrastructure\\factory\\PaymentGatewayFactory.js": {"path":"C:\\Users\\SAM\\Downloads\\utt (1)\\utt-plataforma-inscripciones-pagos\\services\\pagos-service\\src\\infrastructure\\factory\\PaymentGatewayFactory.js","statementMap":{"0":{"start":{"line":1,"column":20},"end":{"line":1,"column":54}},"1":{"start":{"line":5,"column":4},"end":{"line":9,"column":5}},"2":{"start":{"line":6,"column":19},"end":{"line":6,"column":44}},"3":{"start":{"line":8,"column":8},"end":{"line":8,"column":57}},"4":{"start":{"line":12,"column":0},"end":{"line":12,"column":39}}},"fnMap":{"0":{"name":"(anonymous_0)","decl":{"start":{"line":4,"column":2},"end":{"line":4,"column":3}},"loc":{"start":{"line":4,"column":33},"end":{"line":10,"column":3}},"line":4}},"branchMap":{"0":{"loc":{"start":{"line":4,"column":16},"end":{"line":4,"column":31}},"type":"default-arg","locations":[{"start":{"line":4,"column":25},"end":{"line":4,"column":31}}],"line":4},"1":{"loc":{"start":{"line":5,"column":4},"end":{"line":9,"column":5}},"type":"switch","locations":[{"start":{"line":6,"column":6},"end":{"line":6,"column":44}},{"start":{"line":7,"column":6},"end":{"line":8,"column":57}}],"line":5},"2":{"loc":{"start":{"line":5,"column":13},"end":{"line":5,"column":25}},"type":"binary-expr","locations":[{"start":{"line":5,"column":13},"end":{"line":5,"column":19}},{"start":{"line":5,"column":23},"end":{"line":5,"column":25}}],"line":5}},"s":{"0":2,"1":3,"2":2,"3":1,"4":2},"f":{"0":3},"b":{"0":[1],"1":[2,1],"2":[3,0]},"_coverageSchema":"1a1c01bbd47fc00a2c39e90264f33305004495a9","hash":"23be6d48eed0d4ba36673b1c716b3bff722f5607"}
}
