TN:
SF:src\application\CreatePago.js
FN:6,(anonymous_0)
FN:14,(anonymous_1)
FNF:2
FNH:2
FNDA:4,(anonymous_0)
FNDA:4,(anonymous_1)
DA:1,2
DA:2,2
DA:3,2
DA:7,4
DA:8,4
DA:15,4
DA:16,4
DA:18,4
DA:19,4
DA:20,4
DA:22,2
DA:23,2
DA:25,0
DA:28,0
DA:35,0
DA:37,0
DA:40,2
LF:17
LH:13
BRDA:14,0,0,0
BRDA:20,1,0,2
BRDA:20,1,1,2
BRDA:23,2,0,2
BRDA:23,2,1,0
BRF:5
BRH:3
end_of_record
TN:
SF:src\domain\Pago.js
FN:2,(anonymous_0)
FNF:1
FNH:1
FNDA:4,(anonymous_0)
DA:3,4
DA:4,4
DA:5,4
DA:6,4
DA:7,4
DA:8,4
DA:9,4
DA:12,2
LF:8
LH:8
BRDA:2,0,0,4
BRDA:2,1,0,0
BRDA:2,2,0,4
BRF:3
BRH:2
end_of_record
TN:
SF:src\domain\events\PaymentConfirmed.js
FN:2,(anonymous_0)
FNF:1
FNH:1
FNDA:1,(anonymous_0)
DA:3,1
DA:4,1
DA:5,1
DA:6,1
DA:7,1
DA:8,1
DA:11,3
LF:7
LH:7
BRDA:2,0,0,1
BRF:1
BRH:1
end_of_record
TN:
SF:src\infrastructure\adapters\BBVAAdapter.js
FN:8,(anonymous_0)
FN:12,(anonymous_1)
FN:16,(anonymous_2)
FNF:3
FNH:3
FNDA:1,(anonymous_0)
FNDA:1,(anonymous_1)
FNDA:1,(anonymous_2)
DA:1,4
DA:10,1
DA:14,1
DA:18,1
DA:21,4
LF:5
LH:5
BRF:0
BRH:0
end_of_record
TN:
SF:src\infrastructure\adapters\IPaymentGateway.js
FN:6,(anonymous_0)
FN:7,(anonymous_1)
FN:8,(anonymous_2)
FNF:3
FNH:3
FNDA:1,(anonymous_0)
FNDA:1,(anonymous_1)
FNDA:1,(anonymous_2)
DA:6,1
DA:7,1
DA:8,1
DA:10,5
LF:4
LH:4
BRF:0
BRH:0
end_of_record
TN:
SF:src\infrastructure\dao\PaymentDAO.js
FN:6,(anonymous_0)
FN:13,(anonymous_1)
FN:20,(anonymous_2)
FN:24,(anonymous_3)
FN:25,(anonymous_4)
FN:28,(anonymous_5)
FNF:6
FNH:6
FNDA:7,(anonymous_0)
FNDA:6,(anonymous_1)
FNDA:2,(anonymous_2)
FNDA:1,(anonymous_3)
FNDA:2,(anonymous_4)
FNDA:1,(anonymous_5)
DA:7,7
DA:14,6
DA:15,6
DA:16,6
DA:17,6
DA:21,2
DA:25,2
DA:29,1
DA:30,1
DA:31,0
DA:32,0
DA:33,0
DA:36,4
LF:13
LH:10
BRDA:7,0,0,7
BRDA:7,0,1,7
BRDA:15,1,0,6
BRDA:15,1,1,2
BRDA:21,2,0,2
BRDA:21,2,1,2
BRDA:30,3,0,1
BRDA:30,3,1,0
BRF:8
BRH:7
end_of_record
TN:
SF:src\infrastructure\events\EventPublisher.js
FN:6,(anonymous_0)
FN:9,(anonymous_1)
FN:10,(anonymous_2)
FNF:3
FNH:3
FNDA:1,(anonymous_0)
FNDA:1,(anonymous_1)
FNDA:2,(anonymous_2)
DA:7,1
DA:10,1
DA:11,2
DA:15,1
LF:4
LH:4
BRDA:6,0,0,0
BRF:1
BRH:0
end_of_record
TN:
SF:src\infrastructure\factory\PaymentGatewayFactory.js
FN:4,(anonymous_0)
FNF:1
FNH:1
FNDA:3,(anonymous_0)
DA:1,2
DA:5,3
DA:6,2
DA:8,1
DA:12,2
LF:5
LH:5
BRDA:4,0,0,1
BRDA:5,1,0,2
BRDA:5,1,1,1
BRDA:5,2,0,3
BRDA:5,2,1,0
BRF:5
BRH:4
end_of_record
